0 silly argv {
0 silly argv   _: [ 'run' ],
0 silly argv   lernaVersion: '6.6.2',
0 silly argv   '$0': 'node_modules\\lerna\\dist\\cli.js',
0 silly argv   script: 'test'
0 silly argv }
1 notice cli v6.6.2
2 verbose rootPath D:\liuwenhong\xiangmu\project\lint-config
3 verbose packageConfigs Package manager 'pnpm' detected. Resolving packages using 'pnpm-workspace.yaml'.
4 error JSONError: Unexpected token "}" (0x7D) in JSON at position 801 while parsing near "...css\": \"^4.1.0\"\n  },\n}\n" in packages\stylelint-config\package.json
4 error
4 error [0m [90m 33 |[39m     [32m"stylelint-scss"[39m[33m:[39m [32m"^4.1.0"[39m
4 error  [90m 34 |[39m   }[33m,[39m
4 error [31m[1m>[22m[39m[90m 35 |[39m }
4 error  [90m    |[39m [31m[1m^[22m[39m
4 error  [90m 36 |[39m[0m
4 error
4 error     at parseJson (D:\liuwenhong\xiangmu\project\lint-config\node_modules\.pnpm\parse-json@5.2.0\node_modules\parse-json\index.js:29:21)
4 error     at parse (D:\liuwenhong\xiangmu\project\lint-config\node_modules\.pnpm\load-json-file@6.2.0\node_modules\load-json-file\index.js:15:9)
4 error     at module.exports (D:\liuwenhong\xiangmu\project\lint-config\node_modules\.pnpm\load-json-file@6.2.0\node_modules\load-json-file\index.js:18:47)
